LifeStyleHealthApp/app/build/intermediates/manifest_merge_blame_file/debug/manifest-merger-blame-debug-report.txt
1<?xml version="1.0" encoding="utf-8"?>
2<manifest xmlns:android="http://schemas.android.com/apk/res/android"
3    package="com.example.nicolemorris.lifestyle"
4    android:versionCode="1"
5    android:versionName="1.0" >
6
7    <uses-sdk
8        android:minSdkVersion="23"
8-->src/main/AndroidManifest.xml
9        android:targetSdkVersion="28" />
9-->src/main/AndroidManifest.xml
10
11    <uses-permission android:name="android.permission.ACCESS_COARSE_LOCATION" />
11-->src/main/AndroidManifest.xml:4:5-97
11-->src/main/AndroidManifest.xml:4:22-78
12    <uses-permission android:name="android.permission.ACCESS_FINE_LOCATION" />
12-->src/main/AndroidManifest.xml:5:5-95
12-->src/main/AndroidManifest.xml:5:22-76
13    <uses-permission android:name="android.permission.INTERNET" />
13-->src/main/AndroidManifest.xml:6:5-83
13-->src/main/AndroidManifest.xml:6:22-64
14    <uses-permission android:name="android.permission.READ_EXTERNAL_STORAGE" />
14-->src/main/AndroidManifest.xml:7:5-79
14-->src/main/AndroidManifest.xml:7:22-77
15    <uses-permission android:name="android.permission.WRITE_EXTERNAL_STORAGE" />
15-->src/main/AndroidManifest.xml:8:5-81
15-->src/main/AndroidManifest.xml:8:22-78
16
17    <uses-feature
17-->src/main/AndroidManifest.xml:9:5-10:35
18        android:name="android.hardware.camera"
18-->src/main/AndroidManifest.xml:9:19-57
19        android:required="true" />
19-->src/main/AndroidManifest.xml:10:9-32
20
21    <uses-permission android:name="android.permission.ACCESS_NETWORK_STATE" />
21-->[com.amazonaws:aws-android-sdk-auth-userpools:2.7.7] AndroidManifest.xml:5:5-78
21-->[com.amazonaws:aws-android-sdk-auth-userpools:2.7.7] AndroidManifest.xml:5:22-76
22    <uses-permission android:name="android.permission.ACCESS_WIFI_STATE" />
22-->[com.amazonaws:aws-android-sdk-auth-userpools:2.7.7] AndroidManifest.xml:6:5-75
22-->[com.amazonaws:aws-android-sdk-auth-userpools:2.7.7] AndroidManifest.xml:6:22-73
23
24    <application
24-->src/main/AndroidManifest.xml:12:5-41:19
25        android:allowBackup="true"
25-->src/main/AndroidManifest.xml:14:9-35
26        android:appComponentFactory="androidx.core.app.CoreComponentFactory"
26-->[androidx.core:core:1.0.0] AndroidManifest.xml:22:18-86
27        android:debuggable="true"
28        android:icon="@mipmap/ic_launcher"
28-->src/main/AndroidManifest.xml:16:9-43
29        android:label="@string/app_name"
29-->src/main/AndroidManifest.xml:17:9-41
30        android:roundIcon="@mipmap/ic_launcher_round"
30-->src/main/AndroidManifest.xml:18:9-54
31        android:supportsRtl="true"
31-->src/main/AndroidManifest.xml:19:9-35
32        android:testOnly="true"
33        android:theme="@style/Theme.AppCompat.Light.NoActionBar"
33-->src/main/AndroidManifest.xml:20:9-65
34        android:usesCleartextTraffic="true" >
34-->src/main/AndroidManifest.xml:13:9-44
35        <activity
35-->src/main/AndroidManifest.xml:21:9-29:20
36            android:name="com.example.nicolemorris.lifestyle.Activities.MainActivity"
36-->src/main/AndroidManifest.xml:22:13-52
37            android:windowSoftInputMode="adjustResize" >
37-->src/main/AndroidManifest.xml:23:13-55
38            <intent-filter>
38-->src/main/AndroidManifest.xml:24:13-28:29
39                <action android:name="android.intent.action.MAIN" />
39-->src/main/AndroidManifest.xml:25:17-69
39-->src/main/AndroidManifest.xml:25:25-66
40
41                <category android:name="android.intent.category.LAUNCHER" />
41-->src/main/AndroidManifest.xml:27:17-77
41-->src/main/AndroidManifest.xml:27:27-74
42            </intent-filter>
43        </activity>
44        <activity
44-->src/main/AndroidManifest.xml:30:9-33:67
45            android:name="com.example.nicolemorris.lifestyle.Activities.NewUserActivity"
45-->src/main/AndroidManifest.xml:31:13-55
46            android:theme="@style/Theme.AppCompat.Light.NoActionBar"
46-->src/main/AndroidManifest.xml:32:13-69
47            android:windowSoftInputMode="adjustResize" />
47-->src/main/AndroidManifest.xml:33:13-55
48        <activity android:name="com.example.nicolemorris.lifestyle.Activities.HomeActivity" />
48-->src/main/AndroidManifest.xml:34:9-70
48-->src/main/AndroidManifest.xml:34:19-58
49
50        <meta-data
50-->src/main/AndroidManifest.xml:36:9-38:57
51            android:name="preloaded_fonts"
51-->src/main/AndroidManifest.xml:37:13-43
52            android:resource="@array/preloaded_fonts" />
52-->src/main/AndroidManifest.xml:38:13-54
53
54        <service
54-->src/main/AndroidManifest.xml:40:9-124
55            android:name="com.amazonaws.mobileconnectors.s3.transferutility.TransferService"
55-->src/main/AndroidManifest.xml:40:18-98
56            android:enabled="true" />
56-->src/main/AndroidManifest.xml:40:99-121
57
58        <activity
58-->[com.google.android.gms:play-services-base:15.0.1] AndroidManifest.xml:23:9-26:75
59            android:name="com.google.android.gms.common.api.GoogleApiActivity"
59-->[com.google.android.gms:play-services-base:15.0.1] AndroidManifest.xml:24:13-79
60            android:exported="false"
60-->[com.google.android.gms:play-services-base:15.0.1] AndroidManifest.xml:25:13-37
61            android:theme="@android:style/Theme.Translucent.NoTitleBar" />
61-->[com.google.android.gms:play-services-base:15.0.1] AndroidManifest.xml:26:13-72
62
63        <meta-data
63-->[com.google.android.gms:play-services-basement:15.0.1] AndroidManifest.xml:23:9-25:69
64            android:name="com.google.android.gms.version"
64-->[com.google.android.gms:play-services-basement:15.0.1] AndroidManifest.xml:24:13-58
65            android:value="@integer/google_play_services_version" />
65-->[com.google.android.gms:play-services-basement:15.0.1] AndroidManifest.xml:25:13-66
66
67        <service
67-->[androidx.room:room-runtime:2.2.0] AndroidManifest.xml:25:9-27:40
68            android:name="androidx.room.MultiInstanceInvalidationService"
68-->[androidx.room:room-runtime:2.2.0] AndroidManifest.xml:26:13-74
69            android:exported="false" />
69-->[androidx.room:room-runtime:2.2.0] AndroidManifest.xml:27:13-37
70
71        <activity
71-->[com.amazonaws:aws-android-sdk-auth-userpools:2.7.7] AndroidManifest.xml:9:10-269
72            android:name="com.amazonaws.mobile.auth.userpools.ForceChangePasswordActivity"
72-->[com.amazonaws:aws-android-sdk-auth-userpools:2.7.7] AndroidManifest.xml:9:152-230
73            android:configChanges="keyboard|keyboardHidden|orientation|screenSize"
73-->[com.amazonaws:aws-android-sdk-auth-userpools:2.7.7] AndroidManifest.xml:9:20-90
74            android:label="@string/title_activity_force_change_password"
74-->[com.amazonaws:aws-android-sdk-auth-userpools:2.7.7] AndroidManifest.xml:9:91-151
75            android:screenOrientation="portrait" />
75-->[com.amazonaws:aws-android-sdk-auth-userpools:2.7.7] AndroidManifest.xml:9:231-267
76        <activity
76-->[com.amazonaws:aws-android-sdk-auth-userpools:2.7.7] AndroidManifest.xml:10:10-258
77            android:name="com.amazonaws.mobile.auth.userpools.ForgotPasswordActivity"
77-->[com.amazonaws:aws-android-sdk-auth-userpools:2.7.7] AndroidManifest.xml:10:146-219
78            android:configChanges="keyboard|keyboardHidden|orientation|screenSize"
78-->[com.amazonaws:aws-android-sdk-auth-userpools:2.7.7] AndroidManifest.xml:10:20-90
79            android:label="@string/title_activity_forgot_password"
79-->[com.amazonaws:aws-android-sdk-auth-userpools:2.7.7] AndroidManifest.xml:10:91-145
80            android:screenOrientation="portrait" />
80-->[com.amazonaws:aws-android-sdk-auth-userpools:2.7.7] AndroidManifest.xml:10:220-256
81        <activity
81-->[com.amazonaws:aws-android-sdk-auth-userpools:2.7.7] AndroidManifest.xml:11:10-242
82            android:name="com.amazonaws.mobile.auth.userpools.SignUpActivity"
82-->[com.amazonaws:aws-android-sdk-auth-userpools:2.7.7] AndroidManifest.xml:11:138-203
83            android:configChanges="keyboard|keyboardHidden|orientation|screenSize"
83-->[com.amazonaws:aws-android-sdk-auth-userpools:2.7.7] AndroidManifest.xml:11:20-90
84            android:label="@string/title_activity_sign_up"
84-->[com.amazonaws:aws-android-sdk-auth-userpools:2.7.7] AndroidManifest.xml:11:91-137
85            android:screenOrientation="portrait" />
85-->[com.amazonaws:aws-android-sdk-auth-userpools:2.7.7] AndroidManifest.xml:11:204-240
86        <activity
86-->[com.amazonaws:aws-android-sdk-auth-userpools:2.7.7] AndroidManifest.xml:13:10-235
87            android:name="com.amazonaws.mobile.auth.userpools.MFAActivity"
87-->[com.amazonaws:aws-android-sdk-auth-userpools:2.7.7] AndroidManifest.xml:13:134-196
88            android:configChanges="keyboard|keyboardHidden|orientation|screenSize"
88-->[com.amazonaws:aws-android-sdk-auth-userpools:2.7.7] AndroidManifest.xml:13:20-90
89            android:label="@string/title_activity_mfa"
89-->[com.amazonaws:aws-android-sdk-auth-userpools:2.7.7] AndroidManifest.xml:13:91-133
90            android:screenOrientation="portrait" />
90-->[com.amazonaws:aws-android-sdk-auth-userpools:2.7.7] AndroidManifest.xml:13:197-233
91        <activity
91-->[com.amazonaws:aws-android-sdk-auth-userpools:2.7.7] AndroidManifest.xml:15:10-257
92            android:name="com.amazonaws.mobile.auth.userpools.SignUpConfirmActivity"
92-->[com.amazonaws:aws-android-sdk-auth-userpools:2.7.7] AndroidManifest.xml:15:146-218
93            android:configChanges="keyboard|keyboardHidden|orientation|screenSize"
93-->[com.amazonaws:aws-android-sdk-auth-userpools:2.7.7] AndroidManifest.xml:15:20-90
94            android:label="@string/title_activity_sign_up_confirm"
94-->[com.amazonaws:aws-android-sdk-auth-userpools:2.7.7] AndroidManifest.xml:15:91-145
95            android:screenOrientation="portrait" />
95-->[com.amazonaws:aws-android-sdk-auth-userpools:2.7.7] AndroidManifest.xml:15:219-255
96        <activity
96-->[com.amazonaws:aws-android-sdk-auth-ui:2.7.7] AndroidManifest.xml:8:9-234
97            android:name="com.amazonaws.mobile.auth.ui.SignInActivity"
97-->[com.amazonaws:aws-android-sdk-auth-ui:2.7.7] AndroidManifest.xml:8:137-195
98            android:configChanges="keyboard|keyboardHidden|orientation|screenSize"
98-->[com.amazonaws:aws-android-sdk-auth-ui:2.7.7] AndroidManifest.xml:8:19-89
99            android:label="@string/title_activity_sign_in"
99-->[com.amazonaws:aws-android-sdk-auth-ui:2.7.7] AndroidManifest.xml:8:90-136
100            android:screenOrientation="portrait" />
100-->[com.amazonaws:aws-android-sdk-auth-ui:2.7.7] AndroidManifest.xml:8:196-232
101
102        <provider
102-->[androidx.lifecycle:lifecycle-process:2.0.0] AndroidManifest.xml:23:9-27:43
103            android:name="androidx.lifecycle.ProcessLifecycleOwnerInitializer"
103-->[androidx.lifecycle:lifecycle-process:2.0.0] AndroidManifest.xml:24:13-79
104            android:authorities="com.example.nicolemorris.lifestyle.lifecycle-process"
104-->[androidx.lifecycle:lifecycle-process:2.0.0] AndroidManifest.xml:25:13-69
105            android:exported="false"
105-->[androidx.lifecycle:lifecycle-process:2.0.0] AndroidManifest.xml:26:13-37
106            android:multiprocess="true" />
106-->[androidx.lifecycle:lifecycle-process:2.0.0] AndroidManifest.xml:27:13-40
107    </application>
108
109</manifest>